OUTER EXCEPTION:
Traceback (most recent call last):
  File "<string>", line 9, in <module>
  File "O:\Cloud\Code\_scripts\pythontk\pythontk\core_utils\module_resolver.py", line 556, in __getattr__
    self.export_all()
       ^^^^^^^^^^^^^^^
  File "O:\Cloud\Code\_scripts\pythontk\pythontk\core_utils\module_resolver.py", line 185, in resolve
    module_globals: MutableMapping[str, object],
AttributeError: module mayatk has no attribute 'MeshDiagnostics'

During handling of the above exception, another exception occurred:

Traceback (most recent call last):
  File "<string>", line 13, in <module>
  File "C:\Program Files\Autodesk\Maya2025\Python\Lib\encodings\cp1252.py", line 19, in encode
    return codecs.charmap_encode(input,self.errors,encoding_table)[0]
           ^^^^^^^^^^^^^^^^^^^^^^^^^^^^^^^^^^^^^^^^^^^^^^^^^^^^^^^
UnicodeEncodeError: 'charmap' codec can't encode character '\u2717' in position 0: character maps to <undefined>
